<?xml version="1.0" encoding="UTF-8"?>
<!-- Generated by org.testng.reporters.JUnitReportReporter -->
<testsuite skipped="0" hostname="MAA-5CG70238JY" name="sampleTest.SampleTest" tests="1" failures="0" timestamp="27 Oct 2018 11:06:14 GMT" time="8.134" errors="0">
  <testcase name="loginTest" time="8.134" classname="sampleTest.SampleTest"/>
</testsuite> <!-- sampleTest.SampleTest -->
